composeApp/build/intermediates/manifest_merge_blame_file/release/processReleaseMainManifest/manifest-merger-blame-release-report.txt
1<?xml version="1.0" encoding="utf-8"?>
2<manifest xmlns:android="http://schemas.android.com/apk/res/android"
3    package="org.image.project"
4    android:versionCode="1"
5    android:versionName="1.0" >
6
7    <uses-sdk
8        android:minSdkVersion="26"
9        android:targetSdkVersion="34" />
10
11    <uses-feature
11-->src/androidMain/AndroidManifest.xml:4:5-6:36
12        android:name="android.hardware.camera"
12-->src/androidMain/AndroidManifest.xml:5:9-47
13        android:required="false" />
13-->src/androidMain/AndroidManifest.xml:6:9-33
14
15    <uses-permission android:name="android.permission.CAMERA" />
15-->src/androidMain/AndroidManifest.xml:8:5-65
15-->src/androidMain/AndroidManifest.xml:8:22-62
16
17    <queries>
17-->[androidx.wear.tiles:tiles:1.4.1] AndroidManifest.xml:7:5-11:15
18        <intent>
18-->[androidx.wear.tiles:tiles:1.4.1] AndroidManifest.xml:8:9-10:18
19            <action android:name="androidx.wear.tiles.action.BIND_UPDATE_REQUESTER" />
19-->[androidx.wear.tiles:tiles:1.4.1] AndroidManifest.xml:9:13-87
19-->[androidx.wear.tiles:tiles:1.4.1] AndroidManifest.xml:9:21-84
20        </intent>
21    </queries>
22
23    <permission
23-->[androidx.core:core:1.13.1] AndroidManifest.xml:22:5-24:47
24        android:name="org.image.project.DYNAMIC_RECEIVER_NOT_EXPORTED_PERMISSION"
24-->[androidx.core:core:1.13.1] AndroidManifest.xml:23:9-81
25        android:protectionLevel="signature" />
25-->[androidx.core:core:1.13.1] AndroidManifest.xml:24:9-44
26
27    <uses-permission android:name="org.image.project.DYNAMIC_RECEIVER_NOT_EXPORTED_PERMISSION" />
27-->[androidx.core:core:1.13.1] AndroidManifest.xml:26:5-97
27-->[androidx.core:core:1.13.1] AndroidManifest.xml:26:22-94
28
29    <application
29-->src/androidMain/AndroidManifest.xml:10:5-37:19
30        android:allowBackup="true"
30-->src/androidMain/AndroidManifest.xml:11:9-35
31        android:appComponentFactory="androidx.core.app.CoreComponentFactory"
31-->[androidx.core:core:1.13.1] AndroidManifest.xml:28:18-86
32        android:extractNativeLibs="false"
33        android:icon="@mipmap/ic_launcher"
33-->src/androidMain/AndroidManifest.xml:12:9-43
34        android:label="@string/app_name"
34-->src/androidMain/AndroidManifest.xml:13:9-41
35        android:roundIcon="@mipmap/ic_launcher_round"
35-->src/androidMain/AndroidManifest.xml:14:9-54
36        android:supportsRtl="true"
36-->src/androidMain/AndroidManifest.xml:15:9-35
37        android:theme="@android:style/Theme.Material.Light.NoActionBar" >
37-->src/androidMain/AndroidManifest.xml:16:9-72
38        <activity
38-->src/androidMain/AndroidManifest.xml:17:9-26:20
39            android:name="org.image.project.MainActivity"
39-->src/androidMain/AndroidManifest.xml:20:13-41
40            android:configChanges="orientation|screenSize|screenLayout|keyboardHidden|mnc|colorMode|density|fontScale|fontWeightAdjustment|keyboard|layoutDirection|locale|mcc|navigation|smallestScreenSize|touchscreen|uiMode"
40-->src/androidMain/AndroidManifest.xml:19:13-225
41            android:exported="true" >
41-->src/androidMain/AndroidManifest.xml:18:13-36
42            <intent-filter>
42-->src/androidMain/AndroidManifest.xml:21:13-25:29
43                <action android:name="android.intent.action.MAIN" />
43-->src/androidMain/AndroidManifest.xml:22:17-69
43-->src/androidMain/AndroidManifest.xml:22:25-66
44
45                <category android:name="android.intent.category.LAUNCHER" />
45-->src/androidMain/AndroidManifest.xml:24:17-77
45-->src/androidMain/AndroidManifest.xml:24:27-74
46            </intent-filter>
47        </activity>
48
49        <provider
50            android:name="androidx.core.content.FileProvider"
50-->src/androidMain/AndroidManifest.xml:29:13-62
51            android:authorities="org.image.project.provider"
51-->src/androidMain/AndroidManifest.xml:30:13-60
52            android:exported="false"
52-->src/androidMain/AndroidManifest.xml:31:13-37
53            android:grantUriPermissions="true" >
53-->src/androidMain/AndroidManifest.xml:32:13-47
54            <meta-data
54-->src/androidMain/AndroidManifest.xml:33:13-35:56
55                android:name="android.support.FILE_PROVIDER_PATHS"
55-->src/androidMain/AndroidManifest.xml:34:17-67
56                android:resource="@xml/fileprovider" />
56-->src/androidMain/AndroidManifest.xml:35:17-53
57        </provider>
58        <provider
58-->[org.jetbrains.compose.components:components-resources-android:1.7.0] AndroidManifest.xml:8:9-13:20
59            android:name="org.jetbrains.compose.resources.AndroidContextProvider"
59-->[org.jetbrains.compose.components:components-resources-android:1.7.0] AndroidManifest.xml:9:13-82
60            android:authorities="org.image.project.resources.AndroidContextProvider"
60-->[org.jetbrains.compose.components:components-resources-android:1.7.0] AndroidManifest.xml:10:13-84
61            android:enabled="true"
61-->[org.jetbrains.compose.components:components-resources-android:1.7.0] AndroidManifest.xml:11:13-35
62            android:exported="false" >
62-->[org.jetbrains.compose.components:components-resources-android:1.7.0] AndroidManifest.xml:12:13-37
63        </provider>
64
65        <uses-library
65-->[androidx.wear.tiles:tiles:1.4.1] AndroidManifest.xml:14:9-16:40
66            android:name="wear-sdk"
66-->[androidx.wear.tiles:tiles:1.4.1] AndroidManifest.xml:15:13-36
67            android:required="false" />
67-->[androidx.wear.tiles:tiles:1.4.1] AndroidManifest.xml:16:13-37
68
69        <provider
69-->[androidx.emoji2:emoji2:1.3.0] AndroidManifest.xml:24:9-32:20
70            android:name="androidx.startup.InitializationProvider"
70-->[androidx.emoji2:emoji2:1.3.0] AndroidManifest.xml:25:13-67
71            android:authorities="org.image.project.androidx-startup"
71-->[androidx.emoji2:emoji2:1.3.0] AndroidManifest.xml:26:13-68
72            android:exported="false" >
72-->[androidx.emoji2:emoji2:1.3.0] AndroidManifest.xml:27:13-37
73            <meta-data
73-->[androidx.emoji2:emoji2:1.3.0] AndroidManifest.xml:29:13-31:52
74                android:name="androidx.emoji2.text.EmojiCompatInitializer"
74-->[androidx.emoji2:emoji2:1.3.0] AndroidManifest.xml:30:17-75
75                android:value="androidx.startup" />
75-->[androidx.emoji2:emoji2:1.3.0] AndroidManifest.xml:31:17-49
76            <meta-data
76-->[androidx.lifecycle:lifecycle-process:2.8.5] AndroidManifest.xml:29:13-31:52
77                android:name="androidx.lifecycle.ProcessLifecycleInitializer"
77-->[androidx.lifecycle:lifecycle-process:2.8.5] AndroidManifest.xml:30:17-78
78                android:value="androidx.startup" />
78-->[androidx.lifecycle:lifecycle-process:2.8.5] AndroidManifest.xml:31:17-49
79            <meta-data
79-->[androidx.profileinstaller:profileinstaller:1.3.1] AndroidManifest.xml:29:13-31:52
80                android:name="androidx.profileinstaller.ProfileInstallerInitializer"
80-->[androidx.profileinstaller:profileinstaller:1.3.1] AndroidManifest.xml:30:17-85
81                android:value="androidx.startup" />
81-->[androidx.profileinstaller:profileinstaller:1.3.1] AndroidManifest.xml:31:17-49
82        </provider>
83
84        <receiver
84-->[androidx.profileinstaller:profileinstaller:1.3.1] AndroidManifest.xml:34:9-52:20
85            android:name="androidx.profileinstaller.ProfileInstallReceiver"
85-->[androidx.profileinstaller:profileinstaller:1.3.1] AndroidManifest.xml:35:13-76
86            android:directBootAware="false"
86-->[androidx.profileinstaller:profileinstaller:1.3.1] AndroidManifest.xml:36:13-44
87            android:enabled="true"
87-->[androidx.profileinstaller:profileinstaller:1.3.1] AndroidManifest.xml:37:13-35
88            android:exported="true"
88-->[androidx.profileinstaller:profileinstaller:1.3.1] AndroidManifest.xml:38:13-36
89            android:permission="android.permission.DUMP" >
89-->[androidx.profileinstaller:profileinstaller:1.3.1] AndroidManifest.xml:39:13-57
90            <intent-filter>
90-->[androidx.profileinstaller:profileinstaller:1.3.1] AndroidManifest.xml:40:13-42:29
91                <action android:name="androidx.profileinstaller.action.INSTALL_PROFILE" />
91-->[androidx.profileinstaller:profileinstaller:1.3.1] AndroidManifest.xml:41:17-91
91-->[androidx.profileinstaller:profileinstaller:1.3.1] AndroidManifest.xml:41:25-88
92            </intent-filter>
93            <intent-filter>
93-->[androidx.profileinstaller:profileinstaller:1.3.1] AndroidManifest.xml:43:13-45:29
94                <action android:name="androidx.profileinstaller.action.SKIP_FILE" />
94-->[androidx.profileinstaller:profileinstaller:1.3.1] AndroidManifest.xml:44:17-85
94-->[androidx.profileinstaller:profileinstaller:1.3.1] AndroidManifest.xml:44:25-82
95            </intent-filter>
96            <intent-filter>
96-->[androidx.profileinstaller:profileinstaller:1.3.1] AndroidManifest.xml:46:13-48:29
97                <action android:name="androidx.profileinstaller.action.SAVE_PROFILE" />
97-->[androidx.profileinstaller:profileinstaller:1.3.1] AndroidManifest.xml:47:17-88
97-->[androidx.profileinstaller:profileinstaller:1.3.1] AndroidManifest.xml:47:25-85
98            </intent-filter>
99            <intent-filter>
99-->[androidx.profileinstaller:profileinstaller:1.3.1] AndroidManifest.xml:49:13-51:29
100                <action android:name="androidx.profileinstaller.action.BENCHMARK_OPERATION" />
100-->[androidx.profileinstaller:profileinstaller:1.3.1] AndroidManifest.xml:50:17-95
100-->[androidx.profileinstaller:profileinstaller:1.3.1] AndroidManifest.xml:50:25-92
101            </intent-filter>
102        </receiver>
103    </application>
104
105</manifest>